[2023-11-19 02:24:34.407] | DEBUG | config.config | <module> | config.py:52 | localhost
[2023-11-19 03:19:50.226] | INFO | main | start_consumer | main.py:192 | Initiating consumer ...
[2023-11-19 03:19:50.227] | INFO | main | start_consumer | main.py:194 | Consumer started
[2023-11-19 03:22:08.277] | INFO | main | start_consumer | main.py:192 | Initiating consumer ...
[2023-11-19 03:22:08.278] | INFO | main | start_consumer | main.py:194 | Consumer started
[2023-11-19 03:23:24.734] | INFO | main | start_consumer | main.py:192 | Initiating consumer ...
[2023-11-19 03:23:24.734] | INFO | main | start_consumer | main.py:194 | Consumer started
[2023-11-19 03:24:02.173] | INFO | main | start_consumer | main.py:192 | Initiating consumer ...
[2023-11-19 03:24:02.173] | INFO | main | start_consumer | main.py:194 | Consumer started
[2023-11-19 05:06:40.004] | INFO | main | start_consumer | main.py:38 | Initiating consumer ...
[2023-11-19 05:06:40.005] | INFO | main | start_consumer | main.py:40 | Consumer started
[2023-11-19 05:07:15.649] | INFO | main | start_consumer | main.py:38 | Initiating consumer ...
[2023-11-19 05:07:15.649] | INFO | main | start_consumer | main.py:40 | Consumer started
[2023-11-19 05:08:19.529] | INFO | main | start_consumer | main.py:38 | Initiating consumer ...
[2023-11-19 05:08:19.530] | INFO | main | start_consumer | main.py:40 | Consumer started
[2023-11-19 05:08:34.330] | INFO | main | start_consumer | main.py:38 | Initiating consumer ...
[2023-11-19 05:08:34.331] | INFO | main | start_consumer | main.py:40 | Consumer started
[2023-11-19 05:08:56.004] | INFO | main | start_consumer | main.py:38 | Initiating consumer ...
[2023-11-19 05:08:56.005] | INFO | main | start_consumer | main.py:40 | Consumer started
[2023-11-19 05:09:05.745] | INFO | main | start_consumer | main.py:38 | Initiating consumer ...
[2023-11-19 05:09:05.746] | INFO | main | start_consumer | main.py:40 | Consumer started
[2023-11-19 05:09:22.696] | INFO | main | start_consumer | main.py:38 | Initiating consumer ...
[2023-11-19 05:09:22.696] | INFO | main | start_consumer | main.py:40 | Consumer started
[2023-11-19 05:11:16.636] | INFO | main | start_consumer | main.py:38 | Initiating consumer ...
[2023-11-19 05:11:16.636] | INFO | main | start_consumer | main.py:40 | Consumer started
[2023-11-19 05:12:08.408] | INFO | main | start_consumer | main.py:38 | Initiating consumer ...
[2023-11-19 05:12:08.409] | INFO | main | start_consumer | main.py:40 | Consumer started
[2023-11-19 05:14:02.929] | INFO | main | start_consumer | main.py:38 | Initiating consumer ...
[2023-11-19 05:14:02.930] | INFO | main | start_consumer | main.py:40 | Consumer started
[2023-11-19 05:18:02.635] | INFO | main | start_consumer | main.py:38 | Initiating consumer ...
[2023-11-19 05:18:02.635] | INFO | main | start_consumer | main.py:40 | Consumer started
[2023-11-19 05:18:46.098] | INFO | main | start_consumer | main.py:38 | Initiating consumer ...
[2023-11-19 05:18:46.099] | INFO | main | start_consumer | main.py:40 | Consumer started
[2023-11-19 05:21:01.570] | INFO | main | start_consumer | main.py:38 | Initiating consumer ...
[2023-11-19 05:21:01.572] | INFO | main | start_consumer | main.py:40 | Consumer started
[2023-11-19 05:23:57.567] | INFO | main | start_consumer | main.py:38 | Initiating consumer ...
[2023-11-19 05:23:57.567] | INFO | main | start_consumer | main.py:40 | Consumer started
[2023-11-19 05:24:05.356] | INFO | main | start_consumer | main.py:38 | Initiating consumer ...
[2023-11-19 05:24:05.357] | INFO | main | start_consumer | main.py:40 | Consumer started
[2023-11-19 05:25:12.288] | INFO | main | start_consumer | main.py:38 | Initiating consumer ...
[2023-11-19 05:25:12.288] | INFO | main | start_consumer | main.py:40 | Consumer started
[2023-11-19 05:25:36.583] | INFO | main | start_consumer | main.py:38 | Initiating consumer ...
[2023-11-19 05:25:36.584] | INFO | main | start_consumer | main.py:40 | Consumer started
[2023-11-19 05:26:03.450] | INFO | main | start_consumer | main.py:38 | Initiating consumer ...
[2023-11-19 05:26:03.451] | INFO | main | start_consumer | main.py:40 | Consumer started
[2023-11-19 05:26:46.466] | INFO | main | start_consumer | main.py:38 | Initiating consumer ...
[2023-11-19 05:26:46.466] | INFO | main | start_consumer | main.py:40 | Consumer started
[2023-11-19 05:29:41.885] | INFO | main | start_consumer | main.py:38 | Initiating consumer ...
[2023-11-19 05:29:41.886] | INFO | main | start_consumer | main.py:40 | Consumer started
[2023-11-19 05:32:39.395] | INFO | main | start_consumer | main.py:38 | Initiating consumer ...
[2023-11-19 05:32:39.396] | INFO | main | start_consumer | main.py:40 | Consumer started
[2023-11-19 05:32:45.195] | INFO | services.log_ingestor_services | process_log_message | log_ingestor_services.py:8 | Processing log message: {'level': 'error', 'message': 'Failed to connect to DB', 'resourceId': 'server-1234', 'timestamp': '2023-11-19T05:28:31.498381', 'traceId': 'abc-xyz-123', 'spanId': 'span-456', 'commit': '5e5342f', 'metadata': {'parentResourceId': 'server-0987'}}
[2023-11-19 05:32:46.187] | INFO | services.log_ingestor_services | process_log_message | log_ingestor_services.py:12 | Inserted log message into MongoDB with ID: 655950a567c227ac79cab9e9
[2023-11-19 05:32:46.418] | INFO | services.log_ingestor_services | process_log_message | log_ingestor_services.py:21 | Indexed log message in Elasticsearch with ID: 655950a567c227ac79cab9e9
[2023-11-19 05:32:56.699] | INFO | services.log_ingestor_services | process_log_message | log_ingestor_services.py:8 | Processing log message: {'level': 'error', 'message': 'Failed to connect to DB', 'resourceId': 'server-1234', 'timestamp': '2023-11-19T05:28:31.498381', 'traceId': 'abc-xyz-123', 'spanId': 'span-456', 'commit': '5e5342f', 'metadata': {'parentResourceId': 'server-0987'}}
[2023-11-19 05:32:56.744] | INFO | services.log_ingestor_services | process_log_message | log_ingestor_services.py:12 | Inserted log message into MongoDB with ID: 655950b067c227ac79cab9ea
[2023-11-19 05:32:56.766] | INFO | services.log_ingestor_services | process_log_message | log_ingestor_services.py:21 | Indexed log message in Elasticsearch with ID: 655950b067c227ac79cab9ea
[2023-11-19 05:33:17.212] | INFO | services.log_ingestor_services | process_log_message | log_ingestor_services.py:8 | Processing log message: {'level': 'error', 'message': 'Failed to connect to DB', 'resourceId': 'server-1234', 'timestamp': '2023-11-19T05:28:31.498381', 'traceId': 'abc-xyz-123', 'spanId': 'span-456', 'commit': '5e5342f', 'metadata': {'parentResourceId': 'server-0987'}}
[2023-11-19 05:33:17.254] | INFO | services.log_ingestor_services | process_log_message | log_ingestor_services.py:12 | Inserted log message into MongoDB with ID: 655950c567c227ac79cab9eb
[2023-11-19 05:33:17.290] | INFO | services.log_ingestor_services | process_log_message | log_ingestor_services.py:21 | Indexed log message in Elasticsearch with ID: 655950c567c227ac79cab9eb
[2023-11-19 05:33:36.541] | INFO | services.log_ingestor_services | process_log_message | log_ingestor_services.py:8 | Processing log message: {'level': 'error', 'message': 'Failed to connect to DB', 'resourceId': 'server-1234', 'timestamp': '2023-11-19T05:28:31.498381', 'traceId': 'abc-xyz-123', 'spanId': 'span-456', 'commit': '5e5342f', 'metadata': {'parentResourceId': 'server-0987'}}
[2023-11-19 05:33:36.582] | INFO | services.log_ingestor_services | process_log_message | log_ingestor_services.py:12 | Inserted log message into MongoDB with ID: 655950d867c227ac79cab9ec
[2023-11-19 05:33:36.614] | INFO | services.log_ingestor_services | process_log_message | log_ingestor_services.py:21 | Indexed log message in Elasticsearch with ID: 655950d867c227ac79cab9ec
[2023-11-19 05:33:38.289] | INFO | services.log_ingestor_services | process_log_message | log_ingestor_services.py:8 | Processing log message: {'level': 'error', 'message': 'Failed to connect to DB', 'resourceId': 'server-1234', 'timestamp': '2023-11-19T05:28:31.498381', 'traceId': 'abc-xyz-123', 'spanId': 'span-456', 'commit': '5e5342f', 'metadata': {'parentResourceId': 'server-0987'}}
[2023-11-19 05:33:38.332] | INFO | services.log_ingestor_services | process_log_message | log_ingestor_services.py:12 | Inserted log message into MongoDB with ID: 655950da67c227ac79cab9ed
[2023-11-19 05:33:38.392] | INFO | services.log_ingestor_services | process_log_message | log_ingestor_services.py:21 | Indexed log message in Elasticsearch with ID: 655950da67c227ac79cab9ed
[2023-11-19 05:33:38.437] | INFO | services.log_ingestor_services | process_log_message | log_ingestor_services.py:8 | Processing log message: {'level': 'error', 'message': 'Failed to connect to DB', 'resourceId': 'server-1234', 'timestamp': '2023-11-19T05:28:31.498381', 'traceId': 'abc-xyz-123', 'spanId': 'span-456', 'commit': '5e5342f', 'metadata': {'parentResourceId': 'server-0987'}}
[2023-11-19 05:33:38.478] | INFO | services.log_ingestor_services | process_log_message | log_ingestor_services.py:12 | Inserted log message into MongoDB with ID: 655950da67c227ac79cab9ee
[2023-11-19 05:33:38.505] | INFO | services.log_ingestor_services | process_log_message | log_ingestor_services.py:21 | Indexed log message in Elasticsearch with ID: 655950da67c227ac79cab9ee
[2023-11-19 05:33:38.584] | INFO | services.log_ingestor_services | process_log_message | log_ingestor_services.py:8 | Processing log message: {'level': 'error', 'message': 'Failed to connect to DB', 'resourceId': 'server-1234', 'timestamp': '2023-11-19T05:28:31.498381', 'traceId': 'abc-xyz-123', 'spanId': 'span-456', 'commit': '5e5342f', 'metadata': {'parentResourceId': 'server-0987'}}
[2023-11-19 05:33:38.647] | INFO | services.log_ingestor_services | process_log_message | log_ingestor_services.py:12 | Inserted log message into MongoDB with ID: 655950da67c227ac79cab9ef
